<?xml version="1.0" encoding="UTF-8"?>
<!-- Generated by org.testng.reporters.JUnitReportReporter -->
<testsuite skipped="0" hostname="BKSQ-SAVAGE-MAC.local" name="org.sherzberg.graylog.aws.inputs.s3.S3TransportTest" tests="4" failures="0" timestamp="28 May 2020 20:14:37 GMT" time="0.012" errors="0">
  <testcase name="testHandleLifecyclePauseEvents" time="0.000" classname="org.sherzberg.graylog.aws.inputs.s3.S3TransportTest"/>
  <testcase name="testHandleLifecyclePauseEvents" time="0.000" classname="org.sherzberg.graylog.aws.inputs.s3.S3TransportTest"/>
  <testcase name="testHandleLifecyclePauseEvents" time="0.000" classname="org.sherzberg.graylog.aws.inputs.s3.S3TransportTest"/>
  <testcase name="testHandleLifecyclePauseEvents" time="0.012" classname="org.sherzberg.graylog.aws.inputs.s3.S3TransportTest"/>
</testsuite> <!-- org.sherzberg.graylog.aws.inputs.s3.S3TransportTest -->
