<?xml version="1.0" encoding="UTF-8"?>
<!-- Generated by org.testng.reporters.JUnitReportReporter -->
<testsuite skipped="0" hostname="BKSQ-SAVAGE-MAC.local" name="org.sherzberg.graylog.aws.inputs.s3.S3CodecTest" tests="1" failures="0" timestamp="28 May 2020 20:14:37 GMT" time="0.148" errors="0">
  <testcase name="testDecode" time="0.148" classname="org.sherzberg.graylog.aws.inputs.s3.S3CodecTest"/>
</testsuite> <!-- org.sherzberg.graylog.aws.inputs.s3.S3CodecTest -->
